<?xml version="1.0" encoding="UTF-8"?>
<!-- Generated by org.testng.reporters.JUnitXMLReporter -->
<testsuite ignored="0" hostname="KTLKL-035" failures="0" tests="3" name="Submit Order Test" time="35.01" errors="0" timestamp="2024-10-08T12:29:57 IST">
  <testcase classname="Ecommerce.SeleniumFrameworkDesign.Tests.SubmitOrderTest" name="StandAloneTest" time="21.31"/>
  <testcase classname="Ecommerce.SeleniumFrameworkDesign.Tests.SubmitOrderTest" name="StandAloneTest" time="4.983"/>
  <testcase classname="Ecommerce.SeleniumFrameworkDesign.Tests.SubmitOrderTest" name="OrderHistoryTest" time="0.839"/>
</testsuite> <!-- Submit Order Test -->
