<?xml version="1.0" encoding="UTF-8"?>
<!-- Generated by org.testng.reporters.JUnitXMLReporter -->
<testsuite ignored="2" hostname="KTLKL-035" failures="0" tests="0" time="0.0" errors="0" timestamp="2024-10-08T15:32:05 IST">
  <testcase classname="Ecommerce.SeleniumFrameworkDesign.Tests.ErrorValidation" name="LoginErrorValidation" time="0.0">
    <ignored/>
  </testcase> <!-- LoginErrorValidation -->
  <testcase classname="Ecommerce.SeleniumFrameworkDesign.Tests.ErrorValidation" name="ProductErrorValidation" time="0.0">
    <ignored/>
  </testcase> <!-- ProductErrorValidation -->
</testsuite>
