<?xml version="1.0" encoding="UTF-8"?>
<!-- Generated by org.testng.reporters.JUnitXMLReporter -->
<testsuite ignored="1" hostname="KTLKL-035" failures="0" tests="2" name="Submit Order Test" time="26.895" errors="0" timestamp="2024-10-08T15:32:05 IST">
  <testcase classname="Ecommerce.SeleniumFrameworkDesign.Tests.SubmitOrderTest" name="StandAloneTest" time="9.734"/>
  <testcase classname="Ecommerce.SeleniumFrameworkDesign.Tests.SubmitOrderTest" name="StandAloneTest" time="9.199"/>
  <testcase classname="Ecommerce.SeleniumFrameworkDesign.Tests.SubmitOrderTest" name="OrderHistoryTest" time="0.0">
    <ignored/>
  </testcase> <!-- OrderHistoryTest -->
</testsuite> <!-- Submit Order Test -->
