<?xml version="1.0" encoding="UTF-8"?>
<testng-results ignored="0" total="2" passed="2" failed="0" skipped="0">
  <reporter-output>
  </reporter-output>
  <suite started-at="2024-10-08T15:31:38 IST" name="Suite" finished-at="2024-10-08T15:32:05 IST" duration-ms="26939">
    <groups>
      <group name="Purchase">
        <method signature="SubmitOrderTest.StandAloneTest(java.util.HashMap)[pri:0, instance:Ecommerce.SeleniumFrameworkDesign.Tests.SubmitOrderTest@1f53a5dc]" name="StandAloneTest" class="Ecommerce.SeleniumFrameworkDesign.Tests.SubmitOrderTest"/>
      </group> <!-- Purchase -->
    </groups>
    <test started-at="2024-10-08T15:31:38 IST" name="Submit Order Test" finished-at="2024-10-08T15:32:05 IST" duration-ms="26895">
      <class name="Ecommerce.SeleniumFrameworkDesign.Tests.SubmitOrderTest">
        <test-method is-config="true" signature="launchApplication()[pri:0, instance:Ecommerce.SeleniumFrameworkDesign.Tests.SubmitOrderTest@1f53a5dc]" started-at="2024-10-08T15:31:38 IST" name="launchApplication" finished-at="2024-10-08T15:31:42 IST" duration-ms="4038" status="PASS">
          <reporter-output>
          </reporter-output>
        </test-method> <!-- launchApplication -->
        <test-method signature="StandAloneTest(java.util.HashMap)[pri:0, instance:Ecommerce.SeleniumFrameworkDesign.Tests.SubmitOrderTest@1f53a5dc]" started-at="2024-10-08T15:31:42 IST" name="StandAloneTest" data-provider="getData" finished-at="2024-10-08T15:31:52 IST" duration-ms="9734" status="PASS">
          <params>
            <param index="0">
              <value>
                <![CDATA[{password=Ssmaka17#, product=ZARA COAT 3, email=kshitijapathak172@gmail.com}]]>
              </value>
            </param>
          </params>
          <reporter-output>
          </reporter-output>
        </test-method> <!-- StandAloneTest -->
        <test-method is-config="true" signature="tearDown()[pri:0, instance:Ecommerce.SeleniumFrameworkDesign.Tests.SubmitOrderTest@1f53a5dc]" started-at="2024-10-08T15:31:52 IST" name="tearDown" finished-at="2024-10-08T15:31:52 IST" duration-ms="160" status="PASS">
          <reporter-output>
          </reporter-output>
        </test-method> <!-- tearDown -->
        <test-method is-config="true" signature="launchApplication()[pri:0, instance:Ecommerce.SeleniumFrameworkDesign.Tests.SubmitOrderTest@1f53a5dc]" started-at="2024-10-08T15:31:52 IST" name="launchApplication" finished-at="2024-10-08T15:31:55 IST" duration-ms="3228" status="PASS">
          <reporter-output>
          </reporter-output>
        </test-method> <!-- launchApplication -->
        <test-method signature="StandAloneTest(java.util.HashMap)[pri:0, instance:Ecommerce.SeleniumFrameworkDesign.Tests.SubmitOrderTest@1f53a5dc]" started-at="2024-10-08T15:31:55 IST" name="StandAloneTest" data-provider="getData" finished-at="2024-10-08T15:32:05 IST" duration-ms="9199" status="PASS">
          <params>
            <param index="0">
              <value>
                <![CDATA[{password=Iamking@000, product=ADIDAS ORIGINAL, email=shetty@gmail.com}]]>
              </value>
            </param>
          </params>
          <reporter-output>
          </reporter-output>
        </test-method> <!-- StandAloneTest -->
        <test-method is-config="true" signature="tearDown()[pri:0, instance:Ecommerce.SeleniumFrameworkDesign.Tests.SubmitOrderTest@1f53a5dc]" started-at="2024-10-08T15:32:05 IST" name="tearDown" finished-at="2024-10-08T15:32:05 IST" duration-ms="155" status="PASS">
          <reporter-output>
          </reporter-output>
        </test-method> <!-- tearDown -->
      </class> <!-- Ecommerce.SeleniumFrameworkDesign.Tests.SubmitOrderTest -->
    </test> <!-- Submit Order Test -->
    <test started-at="2024-10-08T15:32:05 IST" name="Error Validation Test" finished-at="2024-10-08T15:32:05 IST" duration-ms="0">
    </test> <!-- Error Validation Test -->
  </suite> <!-- Suite -->
</testng-results>
